  Building Custom Rule C:/dev/opencv/sources/modules/superres/CMakeLists.txt
  CMake does not need to re-run because C:/dev/opencv/build/modules/superres/CMakeFiles/generate.stamp is up-to-date.
  Generating opencl_kernels_superres.cpp, opencl_kernels_superres.hpp
  -- C:/dev/opencv/build/modules/superres/opencl_kernels_superres.hpp contains same content
  btv_l1.cpp
  btv_l1_cuda.cpp
  frame_source.cpp
  input_array_utility.cpp
C:\dev\opencv\sources\modules\core\include\opencv2/core/mat.hpp(1965): warning C4819: ファイルは、現在のコード ページ (932) で表示できない文字を含んでいます。データの損失を防ぐために、ファイルを Unicode 形式で保存してください。 (ソース ファイルをコンパイルしています C:\dev\opencv\sources\modules\superres\src\btv_l1_cuda.cpp)
C:\dev\opencv\sources\modules\core\include\opencv2/core/mat.hpp(1965): warning C4819: ファイルは、現在のコード ページ (932) で表示できない文字を含んでいます。データの損失を防ぐために、ファイルを Unicode 形式で保存してください。 (ソース ファイルをコンパイルしています C:\dev\opencv\sources\modules\superres\src\btv_l1.cpp)
C:\dev\opencv\sources\modules\core\include\opencv2/core/mat.hpp(1965): warning C4819: ファイルは、現在のコード ページ (932) で表示できない文字を含んでいます。データの損失を防ぐために、ファイルを Unicode 形式で保存してください。 (ソース ファイルをコンパイルしています C:\dev\opencv\sources\modules\superres\src\frame_source.cpp)
C:\dev\opencv\sources\modules\core\include\opencv2/core/mat.hpp(1965): warning C4819: ファイルは、現在のコード ページ (932) で表示できない文字を含んでいます。データの損失を防ぐために、ファイルを Unicode 形式で保存してください。 (ソース ファイルをコンパイルしています C:\dev\opencv\sources\modules\superres\src\input_array_utility.cpp)
C:\dev\opencv\sources\modules\core\include\opencv2/core/persistence.hpp : warning C4819: ファイルは、現在のコード ページ (932) で表示できない文字を含んでいます。データの損失を防ぐために、ファイルを Unicode 形式で保存してください。 (ソース ファイルをコンパイルしています C:\dev\opencv\sources\modules\superres\src\btv_l1_cuda.cpp)
C:\dev\opencv\sources\modules\core\include\opencv2/core/persistence.hpp : warning C4819: ファイルは、現在のコード ページ (932) で表示できない文字を含んでいます。データの損失を防ぐために、ファイルを Unicode 形式で保存してください。 (ソース ファイルをコンパイルしています C:\dev\opencv\sources\modules\superres\src\btv_l1.cpp)
C:\dev\opencv\sources\modules\core\include\opencv2/core/utility.hpp : warning C4819: ファイルは、現在のコード ページ (932) で表示できない文字を含んでいます。データの損失を防ぐために、ファイルを Unicode 形式で保存してください。 (ソース ファイルをコンパイルしています C:\dev\opencv\sources\modules\superres\src\btv_l1_cuda.cpp)
C:\dev\opencv\sources\modules\core\include\opencv2/core/persistence.hpp : warning C4819: ファイルは、現在のコード ページ (932) で表示できない文字を含んでいます。データの損失を防ぐために、ファイルを Unicode 形式で保存してください。 (ソース ファイルをコンパイルしています C:\dev\opencv\sources\modules\superres\src\frame_source.cpp)
C:\dev\opencv\sources\modules\core\include\opencv2/core/utility.hpp : warning C4819: ファイルは、現在のコード ページ (932) で表示できない文字を含んでいます。データの損失を防ぐために、ファイルを Unicode 形式で保存してください。 (ソース ファイルをコンパイルしています C:\dev\opencv\sources\modules\superres\src\btv_l1.cpp)
C:\dev\opencv\sources\modules\core\include\opencv2/core/persistence.hpp : warning C4819: ファイルは、現在のコード ページ (932) で表示できない文字を含んでいます。データの損失を防ぐために、ファイルを Unicode 形式で保存してください。 (ソース ファイルをコンパイルしています C:\dev\opencv\sources\modules\superres\src\input_array_utility.cpp)
C:\dev\opencv\sources\modules\core\include\opencv2/core/utility.hpp : warning C4819: ファイルは、現在のコード ページ (932) で表示できない文字を含んでいます。データの損失を防ぐために、ファイルを Unicode 形式で保存してください。 (ソース ファイルをコンパイルしています C:\dev\opencv\sources\modules\superres\src\frame_source.cpp)
C:\dev\opencv\sources\modules\core\include\opencv2/core/utility.hpp : warning C4819: ファイルは、現在のコード ページ (932) で表示できない文字を含んでいます。データの損失を防ぐために、ファイルを Unicode 形式で保存してください。 (ソース ファイルをコンパイルしています C:\dev\opencv\sources\modules\superres\src\input_array_utility.cpp)
  optical_flow.cpp
  super_resolution.cpp
  opencl_kernels_superres.cpp
  opencv_superres_pch.cpp
C:\dev\opencv\sources\modules\core\include\opencv2/core/mat.hpp(1965): warning C4819: ファイルは、現在のコード ページ (932) で表示できない文字を含んでいます。データの損失を防ぐために、ファイルを Unicode 形式で保存してください。 (ソース ファイルをコンパイルしています C:\dev\opencv\sources\modules\superres\src\optical_flow.cpp)
C:\dev\opencv\sources\modules\core\include\opencv2/core/mat.hpp(1965): warning C4819: ファイルは、現在のコード ページ (932) で表示できない文字を含んでいます。データの損失を防ぐために、ファイルを Unicode 形式で保存してください。 (ソース ファイルをコンパイルしています C:\dev\opencv\sources\modules\superres\src\super_resolution.cpp)
C:\dev\opencv\sources\modules\core\include\opencv2/core/mat.hpp(1965): warning C4819: ファイルは、現在のコード ページ (932) で表示できない文字を含んでいます。データの損失を防ぐために、ファイルを Unicode 形式で保存してください。 (ソース ファイルをコンパイルしています C:\dev\opencv\build\modules\superres\opencl_kernels_superres.cpp)
C:\dev\opencv\sources\modules\core\include\opencv2/core/persistence.hpp : warning C4819: ファイルは、現在のコード ページ (932) で表示できない文字を含んでいます。データの損失を防ぐために、ファイルを Unicode 形式で保存してください。 (ソース ファイルをコンパイルしています C:\dev\opencv\sources\modules\superres\src\super_resolution.cpp)
C:\dev\opencv\sources\modules\core\include\opencv2/core/persistence.hpp : warning C4819: ファイルは、現在のコード ページ (932) で表示できない文字を含んでいます。データの損失を防ぐために、ファイルを Unicode 形式で保存してください。 (ソース ファイルをコンパイルしています C:\dev\opencv\sources\modules\superres\src\optical_flow.cpp)
C:\dev\opencv\sources\modules\core\include\opencv2/core/utility.hpp : warning C4819: ファイルは、現在のコード ページ (932) で表示できない文字を含んでいます。データの損失を防ぐために、ファイルを Unicode 形式で保存してください。 (ソース ファイルをコンパイルしています C:\dev\opencv\sources\modules\superres\src\super_resolution.cpp)
C:\dev\opencv\sources\modules\core\include\opencv2/core/utility.hpp : warning C4819: ファイルは、現在のコード ページ (932) で表示できない文字を含んでいます。データの損失を防ぐために、ファイルを Unicode 形式で保存してください。 (ソース ファイルをコンパイルしています C:\dev\opencv\sources\modules\superres\src\optical_flow.cpp)
C:\dev\opencv\sources\modules\core\include\opencv2/core/persistence.hpp : warning C4819: ファイルは、現在のコード ページ (932) で表示できない文字を含んでいます。データの損失を防ぐために、ファイルを Unicode 形式で保存してください。 (ソース ファイルをコンパイルしています C:\dev\opencv\build\modules\superres\opencl_kernels_superres.cpp)
C:\dev\opencv\sources\modules\core\include\opencv2/core/utility.hpp : warning C4819: ファイルは、現在のコード ページ (932) で表示できない文字を含んでいます。データの損失を防ぐために、ファイルを Unicode 形式で保存してください。 (ソース ファイルをコンパイルしています C:\dev\opencv\build\modules\superres\opencl_kernels_superres.cpp)
C:\dev\opencv\sources\modules\core\include\opencv2/core/mat.hpp(1965): warning C4819: ファイルは、現在のコード ページ (932) で表示できない文字を含んでいます。データの損失を防ぐために、ファイルを Unicode 形式で保存してください。 (ソース ファイルをコンパイルしています C:\dev\opencv\build\modules\superres\opencv_superres_pch.cpp)
C:\dev\opencv\sources\modules\core\include\opencv2/core/persistence.hpp : warning C4819: ファイルは、現在のコード ページ (932) で表示できない文字を含んでいます。データの損失を防ぐために、ファイルを Unicode 形式で保存してください。 (ソース ファイルをコンパイルしています C:\dev\opencv\build\modules\superres\opencv_superres_pch.cpp)
C:\dev\opencv\sources\modules\core\include\opencv2/core/utility.hpp : warning C4819: ファイルは、現在のコード ページ (932) で表示できない文字を含んでいます。データの損失を防ぐために、ファイルを Unicode 形式で保存してください。 (ソース ファイルをコンパイルしています C:\dev\opencv\build\modules\superres\opencv_superres_pch.cpp)
  opencv_superres.vcxproj -> C:\dev\opencv\build\lib\Release\opencv_superres310.lib
