c:\dev\opencv\build\modules\core\opencv_core.dir\release\algorithm.obj
c:\dev\opencv\build\modules\core\opencv_core.dir\release\conjugate_gradient.obj
c:\dev\opencv\build\modules\core\opencv_core.dir\release\cuda_gpu_mat.obj
c:\dev\opencv\build\modules\core\opencv_core.dir\release\datastructs.obj
c:\dev\opencv\build\modules\core\opencv_core.dir\release\gl_core_3_1.obj
c:\dev\opencv\build\modules\core\opencv_core.dir\release\lda.obj
c:\dev\opencv\build\modules\core\opencv_core.dir\release\matrix.obj
c:\dev\opencv\build\modules\core\opencv_core.dir\release\opencl_core.obj
c:\dev\opencv\build\modules\core\opencv_core.dir\release\parallel_pthreads.obj
c:\dev\opencv\build\modules\core\opencv_core.dir\release\rand.obj
c:\dev\opencv\build\modules\core\opencv_core.dir\release\tables.obj
c:\dev\opencv\build\modules\core\opencv_core.dir\release\va_intel.obj
c:\dev\opencv\build\modules\core\opencv_core.dir\release\arithm.obj
c:\dev\opencv\build\modules\core\opencv_core.dir\release\copy.obj
c:\dev\opencv\build\modules\core\opencv_core.dir\release\cuda_stream.obj
c:\dev\opencv\build\modules\core\opencv_core.dir\release\dxt.obj
c:\dev\opencv\build\modules\core\opencv_core.dir\release\lapack.obj
c:\dev\opencv\build\modules\core\opencv_core.dir\release\mathfuncs_core.obj
c:\dev\opencv\build\modules\core\opencv_core.dir\release\matrix_decomp.obj
c:\dev\opencv\build\modules\core\opencv_core.dir\release\ocl.obj
c:\dev\opencv\build\modules\core\opencv_core.dir\release\parallel.obj
c:\dev\opencv\build\modules\core\opencv_core.dir\release\stat.obj
c:\dev\opencv\build\modules\core\opencv_core.dir\release\umatrix.obj
c:\dev\opencv\build\modules\core\opencv_core.dir\release\array.obj
c:\dev\opencv\build\modules\core\opencv_core.dir\release\convert.obj
c:\dev\opencv\build\modules\core\opencv_core.dir\release\cuda_info.obj
c:\dev\opencv\build\modules\core\opencv_core.dir\release\downhill_simplex.obj
c:\dev\opencv\build\modules\core\opencv_core.dir\release\kmeans.obj
c:\dev\opencv\build\modules\core\opencv_core.dir\release\mathfuncs.obj
c:\dev\opencv\build\modules\core\opencv_core.dir\release\matop.obj
c:\dev\opencv\build\modules\core\opencv_core.dir\release\merge.obj
c:\dev\opencv\build\modules\core\opencv_core.dir\release\opencl_clamdfft.obj
c:\dev\opencv\build\modules\core\opencv_core.dir\release\out.obj
c:\dev\opencv\build\modules\core\opencv_core.dir\release\persistence.obj
c:\dev\opencv\build\modules\core\opencv_core.dir\release\stl.obj
c:\dev\opencv\build\modules\core\opencv_core.dir\release\types.obj
c:\dev\opencv\build\modules\core\opencv_core.dir\release\opencv_core_pch.obj
c:\dev\opencv\build\modules\core\opencv_core.dir\release\alloc.obj
c:\dev\opencv\build\modules\core\opencv_core.dir\release\command_line_parser.obj
c:\dev\opencv\build\modules\core\opencv_core.dir\release\cuda_host_mem.obj
c:\dev\opencv\build\modules\core\opencv_core.dir\release\directx.obj
c:\dev\opencv\build\modules\core\opencv_core.dir\release\glob.obj
c:\dev\opencv\build\modules\core\opencv_core.dir\release\lpsolver.obj
c:\dev\opencv\build\modules\core\opencv_core.dir\release\matmul.obj
c:\dev\opencv\build\modules\core\opencv_core.dir\release\opencl_clamdblas.obj
c:\dev\opencv\build\modules\core\opencv_core.dir\release\opengl.obj
c:\dev\opencv\build\modules\core\opencv_core.dir\release\pca.obj
c:\dev\opencv\build\modules\core\opencv_core.dir\release\split.obj
c:\dev\opencv\build\modules\core\opencv_core.dir\release\system.obj
c:\dev\opencv\build\modules\core\opencv_core.dir\release\opencl_kernels_core.obj
c:\dev\opencv\build\modules\core\cmakefiles\generate.stamp
c:\dev\opencv\build\modules\core\opencl_kernels_core.cpp
c:\dev\opencv\build\modules\core\opencl_kernels_core.hpp
c:\dev\opencv\build\lib\release\opencv_core310.lib
c:\dev\opencv\build\modules\core\opencv_core.dir\release\opencv_core.tlog\cl.command.1.tlog
c:\dev\opencv\build\modules\core\opencv_core.dir\release\opencv_core.tlog\cl.read.1.tlog
c:\dev\opencv\build\modules\core\opencv_core.dir\release\opencv_core.tlog\cl.write.1.tlog
c:\dev\opencv\build\modules\core\opencv_core.dir\release\opencv_core.tlog\custombuild.command.1.tlog
c:\dev\opencv\build\modules\core\opencv_core.dir\release\opencv_core.tlog\custombuild.read.1.tlog
c:\dev\opencv\build\modules\core\opencv_core.dir\release\opencv_core.tlog\custombuild.write.1.tlog
c:\dev\opencv\build\modules\core\opencv_core.dir\release\opencv_core.tlog\lib-link.read.1.tlog
c:\dev\opencv\build\modules\core\opencv_core.dir\release\opencv_core.tlog\lib-link.write.1.tlog
c:\dev\opencv\build\modules\core\opencv_core.dir\release\opencv_core.tlog\lib.command.1.tlog
