c:\dev\opencv\build\modules\core\opencv_core.dir\debug\algorithm.obj
c:\dev\opencv\build\modules\core\opencv_core.dir\debug\convert.obj
c:\dev\opencv\build\modules\core\opencv_core.dir\debug\cuda_info.obj
c:\dev\opencv\build\modules\core\opencv_core.dir\debug\downhill_simplex.obj
c:\dev\opencv\build\modules\core\opencv_core.dir\debug\lapack.obj
c:\dev\opencv\build\modules\core\opencv_core.dir\debug\lda.obj
c:\dev\opencv\build\modules\core\opencv_core.dir\debug\matrix.obj
c:\dev\opencv\build\modules\core\opencv_core.dir\debug\opencl_clamdfft.obj
c:\dev\opencv\build\modules\core\opencv_core.dir\debug\parallel.obj
c:\dev\opencv\build\modules\core\opencv_core.dir\debug\stat.obj
c:\dev\opencv\build\modules\core\opencv_core.dir\debug\types.obj
c:\dev\opencv\build\modules\core\opencv_core.dir\debug\opencv_core_pch.obj
c:\dev\opencv\build\modules\core\opencv_core.dir\debug\array.obj
c:\dev\opencv\build\modules\core\opencv_core.dir\debug\conjugate_gradient.obj
c:\dev\opencv\build\modules\core\opencv_core.dir\debug\cuda_gpu_mat.obj
c:\dev\opencv\build\modules\core\opencv_core.dir\debug\datastructs.obj
c:\dev\opencv\build\modules\core\opencv_core.dir\debug\glob.obj
c:\dev\opencv\build\modules\core\opencv_core.dir\debug\mathfuncs_core.obj
c:\dev\opencv\build\modules\core\opencv_core.dir\debug\matrix_decomp.obj
c:\dev\opencv\build\modules\core\opencv_core.dir\debug\opencl_clamdblas.obj
c:\dev\opencv\build\modules\core\opencv_core.dir\debug\opengl.obj
c:\dev\opencv\build\modules\core\opencv_core.dir\debug\pca.obj
c:\dev\opencv\build\modules\core\opencv_core.dir\debug\split.obj
c:\dev\opencv\build\modules\core\opencv_core.dir\debug\system.obj
c:\dev\opencv\build\modules\core\opencv_core.dir\debug\opencl_kernels_core.obj
c:\dev\opencv\build\modules\core\opencv_core.dir\debug\arithm.obj
c:\dev\opencv\build\modules\core\opencv_core.dir\debug\copy.obj
c:\dev\opencv\build\modules\core\opencv_core.dir\debug\cuda_stream.obj
c:\dev\opencv\build\modules\core\opencv_core.dir\debug\dxt.obj
c:\dev\opencv\build\modules\core\opencv_core.dir\debug\kmeans.obj
c:\dev\opencv\build\modules\core\opencv_core.dir\debug\mathfuncs.obj
c:\dev\opencv\build\modules\core\opencv_core.dir\debug\matop.obj
c:\dev\opencv\build\modules\core\opencv_core.dir\debug\merge.obj
c:\dev\opencv\build\modules\core\opencv_core.dir\debug\opencl_core.obj
c:\dev\opencv\build\modules\core\opencv_core.dir\debug\parallel_pthreads.obj
c:\dev\opencv\build\modules\core\opencv_core.dir\debug\rand.obj
c:\dev\opencv\build\modules\core\opencv_core.dir\debug\tables.obj
c:\dev\opencv\build\modules\core\opencv_core.dir\debug\va_intel.obj
c:\dev\opencv\build\modules\core\opencv_core.dir\debug\alloc.obj
c:\dev\opencv\build\modules\core\opencv_core.dir\debug\command_line_parser.obj
c:\dev\opencv\build\modules\core\opencv_core.dir\debug\cuda_host_mem.obj
c:\dev\opencv\build\modules\core\opencv_core.dir\debug\directx.obj
c:\dev\opencv\build\modules\core\opencv_core.dir\debug\gl_core_3_1.obj
c:\dev\opencv\build\modules\core\opencv_core.dir\debug\lpsolver.obj
c:\dev\opencv\build\modules\core\opencv_core.dir\debug\matmul.obj
c:\dev\opencv\build\modules\core\opencv_core.dir\debug\ocl.obj
c:\dev\opencv\build\modules\core\opencv_core.dir\debug\out.obj
c:\dev\opencv\build\modules\core\opencv_core.dir\debug\persistence.obj
c:\dev\opencv\build\modules\core\opencv_core.dir\debug\stl.obj
c:\dev\opencv\build\modules\core\opencv_core.dir\debug\umatrix.obj
c:\dev\opencv\build\lib\debug\opencv_core310d.pdb
c:\dev\opencv\build\modules\core\cmakefiles\generate.stamp
c:\dev\opencv\build\modules\core\opencl_kernels_core.cpp
c:\dev\opencv\build\modules\core\opencl_kernels_core.hpp
c:\dev\opencv\build\lib\debug\opencv_core310d.lib
c:\dev\opencv\build\modules\core\opencv_core.dir\debug\opencv_core.tlog\cl.command.1.tlog
c:\dev\opencv\build\modules\core\opencv_core.dir\debug\opencv_core.tlog\cl.read.1.tlog
c:\dev\opencv\build\modules\core\opencv_core.dir\debug\opencv_core.tlog\cl.write.1.tlog
c:\dev\opencv\build\modules\core\opencv_core.dir\debug\opencv_core.tlog\custombuild.command.1.tlog
c:\dev\opencv\build\modules\core\opencv_core.dir\debug\opencv_core.tlog\custombuild.read.1.tlog
c:\dev\opencv\build\modules\core\opencv_core.dir\debug\opencv_core.tlog\custombuild.write.1.tlog
c:\dev\opencv\build\modules\core\opencv_core.dir\debug\opencv_core.tlog\lib-link.read.1.tlog
c:\dev\opencv\build\modules\core\opencv_core.dir\debug\opencv_core.tlog\lib-link.write.1.tlog
c:\dev\opencv\build\modules\core\opencv_core.dir\debug\opencv_core.tlog\lib.command.1.tlog
