c:\dev\opencv\build\cmakefiles\generate.stamp
c:\dev\opencv\build\include\cmakefiles\generate.stamp
c:\dev\opencv\build\modules\cmakefiles\generate.stamp
c:\dev\opencv\build\modules\calib3d\.calib3d\cmakefiles\generate.stamp
c:\dev\opencv\build\modules\core\.core\cmakefiles\generate.stamp
c:\dev\opencv\build\modules\cudaarithm\.cudaarithm\cmakefiles\generate.stamp
c:\dev\opencv\build\modules\cudabgsegm\.cudabgsegm\cmakefiles\generate.stamp
c:\dev\opencv\build\modules\cudacodec\.cudacodec\cmakefiles\generate.stamp
c:\dev\opencv\build\modules\cudafeatures2d\.cudafeatures2d\cmakefiles\generate.stamp
c:\dev\opencv\build\modules\cudafilters\.cudafilters\cmakefiles\generate.stamp
c:\dev\opencv\build\modules\cudaimgproc\.cudaimgproc\cmakefiles\generate.stamp
c:\dev\opencv\build\modules\cudalegacy\.cudalegacy\cmakefiles\generate.stamp
c:\dev\opencv\build\modules\cudaobjdetect\.cudaobjdetect\cmakefiles\generate.stamp
c:\dev\opencv\build\modules\cudaoptflow\.cudaoptflow\cmakefiles\generate.stamp
c:\dev\opencv\build\modules\cudastereo\.cudastereo\cmakefiles\generate.stamp
c:\dev\opencv\build\modules\cudawarping\.cudawarping\cmakefiles\generate.stamp
c:\dev\opencv\build\modules\cudev\.cudev\cmakefiles\generate.stamp
c:\dev\opencv\build\modules\features2d\.features2d\cmakefiles\generate.stamp
c:\dev\opencv\build\modules\flann\.flann\cmakefiles\generate.stamp
c:\dev\opencv\build\modules\highgui\.highgui\cmakefiles\generate.stamp
c:\dev\opencv\build\modules\imgcodecs\.imgcodecs\cmakefiles\generate.stamp
c:\dev\opencv\build\modules\imgproc\.imgproc\cmakefiles\generate.stamp
c:\dev\opencv\build\modules\java\.java\cmakefiles\generate.stamp
c:\dev\opencv\build\modules\ml\.ml\cmakefiles\generate.stamp
c:\dev\opencv\build\modules\objdetect\.objdetect\cmakefiles\generate.stamp
c:\dev\opencv\build\modules\photo\.photo\cmakefiles\generate.stamp
c:\dev\opencv\build\modules\python\.python\cmakefiles\generate.stamp
c:\dev\opencv\build\modules\python\.python\python2\cmakefiles\generate.stamp
c:\dev\opencv\build\modules\python\.python\python3\cmakefiles\generate.stamp
c:\dev\opencv\build\modules\shape\.shape\cmakefiles\generate.stamp
c:\dev\opencv\build\modules\stitching\.stitching\cmakefiles\generate.stamp
c:\dev\opencv\build\modules\superres\.superres\cmakefiles\generate.stamp
c:\dev\opencv\build\modules\ts\.ts\cmakefiles\generate.stamp
c:\dev\opencv\build\modules\video\.video\cmakefiles\generate.stamp
c:\dev\opencv\build\modules\videoio\.videoio\cmakefiles\generate.stamp
c:\dev\opencv\build\modules\videostab\.videostab\cmakefiles\generate.stamp
c:\dev\opencv\build\modules\viz\.viz\cmakefiles\generate.stamp
c:\dev\opencv\build\modules\world\.world\cmakefiles\generate.stamp
c:\dev\opencv\build\modules\core\cmakefiles\generate.stamp
c:\dev\opencv\build\modules\flann\cmakefiles\generate.stamp
c:\dev\opencv\build\modules\imgproc\cmakefiles\generate.stamp
c:\dev\opencv\build\modules\ml\cmakefiles\generate.stamp
c:\dev\opencv\build\modules\photo\cmakefiles\generate.stamp
c:\dev\opencv\build\modules\video\cmakefiles\generate.stamp
c:\dev\opencv\build\modules\imgcodecs\cmakefiles\generate.stamp
c:\dev\opencv\build\modules\shape\cmakefiles\generate.stamp
c:\dev\opencv\build\modules\videoio\cmakefiles\generate.stamp
c:\dev\opencv\build\modules\highgui\cmakefiles\generate.stamp
c:\dev\opencv\build\modules\objdetect\cmakefiles\generate.stamp
c:\dev\opencv\build\modules\superres\cmakefiles\generate.stamp
c:\dev\opencv\build\modules\features2d\cmakefiles\generate.stamp
c:\dev\opencv\build\modules\calib3d\cmakefiles\generate.stamp
c:\dev\opencv\build\modules\stitching\cmakefiles\generate.stamp
c:\dev\opencv\build\modules\videostab\cmakefiles\generate.stamp
c:\dev\opencv\build\modules\python2\cmakefiles\generate.stamp
c:\dev\opencv\build\modules\python3\cmakefiles\generate.stamp
c:\dev\opencv\build\doc\cmakefiles\generate.stamp
c:\dev\opencv\build\data\cmakefiles\generate.stamp
c:\dev\opencv\build\samples\cmakefiles\generate.stamp
c:\dev\opencv\build\samples\cpp\cmakefiles\generate.stamp
c:\dev\opencv\build\samples\gpu\cmakefiles\generate.stamp
c:\dev\opencv\build\samples\tapi\cmakefiles\generate.stamp
c:\dev\opencv\build\win32\release\zero_check\zero_check.tlog\custombuild.command.1.tlog
c:\dev\opencv\build\win32\release\zero_check\zero_check.tlog\custombuild.read.1.tlog
c:\dev\opencv\build\win32\release\zero_check\zero_check.tlog\custombuild.write.1.tlog
