  Building Custom Rule C:/dev/opencv/sources/modules/ml/CMakeLists.txt
  CMake does not need to re-run because C:/dev/opencv/build/modules/ml/CMakeFiles/generate.stamp is up-to-date.
  ann_mlp.cpp
  boost.cpp
  data.cpp
  em.cpp
C:\dev\opencv\sources\modules\core\include\opencv2/core/mat.hpp(1965): warning C4819: ファイルは、現在のコード ページ (932) で表示できない文字を含んでいます。データの損失を防ぐために、ファイルを Unicode 形式で保存してください。 (ソース ファイルをコンパイルしています C:\dev\opencv\sources\modules\ml\src\boost.cpp)
C:\dev\opencv\sources\modules\core\include\opencv2/core/mat.hpp(1965): warning C4819: ファイルは、現在のコード ページ (932) で表示できない文字を含んでいます。データの損失を防ぐために、ファイルを Unicode 形式で保存してください。 (ソース ファイルをコンパイルしています C:\dev\opencv\sources\modules\ml\src\ann_mlp.cpp)
C:\dev\opencv\sources\modules\core\include\opencv2/core/mat.hpp(1965): warning C4819: ファイルは、現在のコード ページ (932) で表示できない文字を含んでいます。データの損失を防ぐために、ファイルを Unicode 形式で保存してください。 (ソース ファイルをコンパイルしています C:\dev\opencv\sources\modules\ml\src\data.cpp)
C:\dev\opencv\sources\modules\core\include\opencv2/core/mat.hpp(1965): warning C4819: ファイルは、現在のコード ページ (932) で表示できない文字を含んでいます。データの損失を防ぐために、ファイルを Unicode 形式で保存してください。 (ソース ファイルをコンパイルしています C:\dev\opencv\sources\modules\ml\src\em.cpp)
C:\dev\opencv\sources\modules\core\include\opencv2/core/persistence.hpp : warning C4819: ファイルは、現在のコード ページ (932) で表示できない文字を含んでいます。データの損失を防ぐために、ファイルを Unicode 形式で保存してください。 (ソース ファイルをコンパイルしています C:\dev\opencv\sources\modules\ml\src\data.cpp)
C:\dev\opencv\sources\modules\core\include\opencv2/core/persistence.hpp : warning C4819: ファイルは、現在のコード ページ (932) で表示できない文字を含んでいます。データの損失を防ぐために、ファイルを Unicode 形式で保存してください。 (ソース ファイルをコンパイルしています C:\dev\opencv\sources\modules\ml\src\ann_mlp.cpp)
C:\dev\opencv\sources\modules\core\include\opencv2/core/persistence.hpp : warning C4819: ファイルは、現在のコード ページ (932) で表示できない文字を含んでいます。データの損失を防ぐために、ファイルを Unicode 形式で保存してください。 (ソース ファイルをコンパイルしています C:\dev\opencv\sources\modules\ml\src\boost.cpp)
C:\dev\opencv\sources\modules\core\include\opencv2/core/persistence.hpp : warning C4819: ファイルは、現在のコード ページ (932) で表示できない文字を含んでいます。データの損失を防ぐために、ファイルを Unicode 形式で保存してください。 (ソース ファイルをコンパイルしています C:\dev\opencv\sources\modules\ml\src\em.cpp)
C:\dev\opencv\sources\modules\core\include\opencv2/core/utility.hpp : warning C4819: ファイルは、現在のコード ページ (932) で表示できない文字を含んでいます。データの損失を防ぐために、ファイルを Unicode 形式で保存してください。 (ソース ファイルをコンパイルしています C:\dev\opencv\sources\modules\ml\src\data.cpp)
C:\dev\opencv\sources\modules\core\include\opencv2/core/utility.hpp : warning C4819: ファイルは、現在のコード ページ (932) で表示できない文字を含んでいます。データの損失を防ぐために、ファイルを Unicode 形式で保存してください。 (ソース ファイルをコンパイルしています C:\dev\opencv\sources\modules\ml\src\ann_mlp.cpp)
C:\dev\opencv\sources\modules\core\include\opencv2/core/utility.hpp : warning C4819: ファイルは、現在のコード ページ (932) で表示できない文字を含んでいます。データの損失を防ぐために、ファイルを Unicode 形式で保存してください。 (ソース ファイルをコンパイルしています C:\dev\opencv\sources\modules\ml\src\boost.cpp)
C:\dev\opencv\sources\modules\core\include\opencv2/core/utility.hpp : warning C4819: ファイルは、現在のコード ページ (932) で表示できない文字を含んでいます。データの損失を防ぐために、ファイルを Unicode 形式で保存してください。 (ソース ファイルをコンパイルしています C:\dev\opencv\sources\modules\ml\src\em.cpp)
  gbt.cpp
  inner_functions.cpp
C:\dev\opencv\sources\modules\core\include\opencv2/core/mat.hpp(1965): warning C4819: ファイルは、現在のコード ページ (932) で表示できない文字を含んでいます。データの損失を防ぐために、ファイルを Unicode 形式で保存してください。 (ソース ファイルをコンパイルしています C:\dev\opencv\sources\modules\ml\src\gbt.cpp)
C:\dev\opencv\sources\modules\core\include\opencv2/core/persistence.hpp : warning C4819: ファイルは、現在のコード ページ (932) で表示できない文字を含んでいます。データの損失を防ぐために、ファイルを Unicode 形式で保存してください。 (ソース ファイルをコンパイルしています C:\dev\opencv\sources\modules\ml\src\gbt.cpp)
C:\dev\opencv\sources\modules\core\include\opencv2/core/mat.hpp(1965): warning C4819: ファイルは、現在のコード ページ (932) で表示できない文字を含んでいます。データの損失を防ぐために、ファイルを Unicode 形式で保存してください。 (ソース ファイルをコンパイルしています C:\dev\opencv\sources\modules\ml\src\inner_functions.cpp)
  kdtree.cpp
C:\dev\opencv\sources\modules\core\include\opencv2/core/utility.hpp : warning C4819: ファイルは、現在のコード ページ (932) で表示できない文字を含んでいます。データの損失を防ぐために、ファイルを Unicode 形式で保存してください。 (ソース ファイルをコンパイルしています C:\dev\opencv\sources\modules\ml\src\gbt.cpp)
C:\dev\opencv\sources\modules\core\include\opencv2/core/persistence.hpp : warning C4819: ファイルは、現在のコード ページ (932) で表示できない文字を含んでいます。データの損失を防ぐために、ファイルを Unicode 形式で保存してください。 (ソース ファイルをコンパイルしています C:\dev\opencv\sources\modules\ml\src\inner_functions.cpp)
C:\dev\opencv\sources\modules\core\include\opencv2/core/utility.hpp : warning C4819: ファイルは、現在のコード ページ (932) で表示できない文字を含んでいます。データの損失を防ぐために、ファイルを Unicode 形式で保存してください。 (ソース ファイルをコンパイルしています C:\dev\opencv\sources\modules\ml\src\inner_functions.cpp)
  knearest.cpp
  lr.cpp
  nbayes.cpp
C:\dev\opencv\sources\modules\core\include\opencv2/core/mat.hpp(1965): warning C4819: ファイルは、現在のコード ページ (932) で表示できない文字を含んでいます。データの損失を防ぐために、ファイルを Unicode 形式で保存してください。 (ソース ファイルをコンパイルしています C:\dev\opencv\sources\modules\ml\src\kdtree.cpp)
C:\dev\opencv\sources\modules\core\include\opencv2/core/mat.hpp(1965): warning C4819: ファイルは、現在のコード ページ (932) で表示できない文字を含んでいます。データの損失を防ぐために、ファイルを Unicode 形式で保存してください。 (ソース ファイルをコンパイルしています C:\dev\opencv\sources\modules\ml\src\knearest.cpp)
C:\dev\opencv\sources\modules\core\include\opencv2/core/mat.hpp(1965): warning C4819: ファイルは、現在のコード ページ (932) で表示できない文字を含んでいます。データの損失を防ぐために、ファイルを Unicode 形式で保存してください。 (ソース ファイルをコンパイルしています C:\dev\opencv\sources\modules\ml\src\lr.cpp)
C:\dev\opencv\sources\modules\core\include\opencv2/core/persistence.hpp : warning C4819: ファイルは、現在のコード ページ (932) で表示できない文字を含んでいます。データの損失を防ぐために、ファイルを Unicode 形式で保存してください。 (ソース ファイルをコンパイルしています C:\dev\opencv\sources\modules\ml\src\kdtree.cpp)
C:\dev\opencv\sources\modules\core\include\opencv2/core/persistence.hpp : warning C4819: ファイルは、現在のコード ページ (932) で表示できない文字を含んでいます。データの損失を防ぐために、ファイルを Unicode 形式で保存してください。 (ソース ファイルをコンパイルしています C:\dev\opencv\sources\modules\ml\src\knearest.cpp)
C:\dev\opencv\sources\modules\core\include\opencv2/core/utility.hpp : warning C4819: ファイルは、現在のコード ページ (932) で表示できない文字を含んでいます。データの損失を防ぐために、ファイルを Unicode 形式で保存してください。 (ソース ファイルをコンパイルしています C:\dev\opencv\sources\modules\ml\src\kdtree.cpp)
C:\dev\opencv\sources\modules\core\include\opencv2/core/persistence.hpp : warning C4819: ファイルは、現在のコード ページ (932) で表示できない文字を含んでいます。データの損失を防ぐために、ファイルを Unicode 形式で保存してください。 (ソース ファイルをコンパイルしています C:\dev\opencv\sources\modules\ml\src\lr.cpp)
C:\dev\opencv\sources\modules\core\include\opencv2/core/utility.hpp : warning C4819: ファイルは、現在のコード ページ (932) で表示できない文字を含んでいます。データの損失を防ぐために、ファイルを Unicode 形式で保存してください。 (ソース ファイルをコンパイルしています C:\dev\opencv\sources\modules\ml\src\knearest.cpp)
C:\dev\opencv\sources\modules\core\include\opencv2/core/utility.hpp : warning C4819: ファイルは、現在のコード ページ (932) で表示できない文字を含んでいます。データの損失を防ぐために、ファイルを Unicode 形式で保存してください。 (ソース ファイルをコンパイルしています C:\dev\opencv\sources\modules\ml\src\lr.cpp)
C:\dev\opencv\sources\modules\core\include\opencv2/core/mat.hpp(1965): warning C4819: ファイルは、現在のコード ページ (932) で表示できない文字を含んでいます。データの損失を防ぐために、ファイルを Unicode 形式で保存してください。 (ソース ファイルをコンパイルしています C:\dev\opencv\sources\modules\ml\src\nbayes.cpp)
C:\dev\opencv\sources\modules\core\include\opencv2/core/persistence.hpp : warning C4819: ファイルは、現在のコード ページ (932) で表示できない文字を含んでいます。データの損失を防ぐために、ファイルを Unicode 形式で保存してください。 (ソース ファイルをコンパイルしています C:\dev\opencv\sources\modules\ml\src\nbayes.cpp)
C:\dev\opencv\sources\modules\core\include\opencv2/core/utility.hpp : warning C4819: ファイルは、現在のコード ページ (932) で表示できない文字を含んでいます。データの損失を防ぐために、ファイルを Unicode 形式で保存してください。 (ソース ファイルをコンパイルしています C:\dev\opencv\sources\modules\ml\src\nbayes.cpp)
  rtrees.cpp
  svm.cpp
  testset.cpp
  tree.cpp
C:\dev\opencv\sources\modules\core\include\opencv2/core/mat.hpp(1965): warning C4819: ファイルは、現在のコード ページ (932) で表示できない文字を含んでいます。データの損失を防ぐために、ファイルを Unicode 形式で保存してください。 (ソース ファイルをコンパイルしています C:\dev\opencv\sources\modules\ml\src\rtrees.cpp)
C:\dev\opencv\sources\modules\core\include\opencv2/core/mat.hpp(1965): warning C4819: ファイルは、現在のコード ページ (932) で表示できない文字を含んでいます。データの損失を防ぐために、ファイルを Unicode 形式で保存してください。 (ソース ファイルをコンパイルしています C:\dev\opencv\sources\modules\ml\src\svm.cpp)
C:\dev\opencv\sources\modules\core\include\opencv2/core/persistence.hpp : warning C4819: ファイルは、現在のコード ページ (932) で表示できない文字を含んでいます。データの損失を防ぐために、ファイルを Unicode 形式で保存してください。 (ソース ファイルをコンパイルしています C:\dev\opencv\sources\modules\ml\src\rtrees.cpp)
C:\dev\opencv\sources\modules\core\include\opencv2/core/mat.hpp(1965): warning C4819: ファイルは、現在のコード ページ (932) で表示できない文字を含んでいます。データの損失を防ぐために、ファイルを Unicode 形式で保存してください。 (ソース ファイルをコンパイルしています C:\dev\opencv\sources\modules\ml\src\testset.cpp)
C:\dev\opencv\sources\modules\core\include\opencv2/core/persistence.hpp : warning C4819: ファイルは、現在のコード ページ (932) で表示できない文字を含んでいます。データの損失を防ぐために、ファイルを Unicode 形式で保存してください。 (ソース ファイルをコンパイルしています C:\dev\opencv\sources\modules\ml\src\svm.cpp)
C:\dev\opencv\sources\modules\core\include\opencv2/core/utility.hpp : warning C4819: ファイルは、現在のコード ページ (932) で表示できない文字を含んでいます。データの損失を防ぐために、ファイルを Unicode 形式で保存してください。 (ソース ファイルをコンパイルしています C:\dev\opencv\sources\modules\ml\src\rtrees.cpp)
C:\dev\opencv\sources\modules\core\include\opencv2/core/utility.hpp : warning C4819: ファイルは、現在のコード ページ (932) で表示できない文字を含んでいます。データの損失を防ぐために、ファイルを Unicode 形式で保存してください。 (ソース ファイルをコンパイルしています C:\dev\opencv\sources\modules\ml\src\svm.cpp)
C:\dev\opencv\sources\modules\core\include\opencv2/core/persistence.hpp : warning C4819: ファイルは、現在のコード ページ (932) で表示できない文字を含んでいます。データの損失を防ぐために、ファイルを Unicode 形式で保存してください。 (ソース ファイルをコンパイルしています C:\dev\opencv\sources\modules\ml\src\testset.cpp)
C:\dev\opencv\sources\modules\core\include\opencv2/core/mat.hpp(1965): warning C4819: ファイルは、現在のコード ページ (932) で表示できない文字を含んでいます。データの損失を防ぐために、ファイルを Unicode 形式で保存してください。 (ソース ファイルをコンパイルしています C:\dev\opencv\sources\modules\ml\src\tree.cpp)
C:\dev\opencv\sources\modules\core\include\opencv2/core/utility.hpp : warning C4819: ファイルは、現在のコード ページ (932) で表示できない文字を含んでいます。データの損失を防ぐために、ファイルを Unicode 形式で保存してください。 (ソース ファイルをコンパイルしています C:\dev\opencv\sources\modules\ml\src\testset.cpp)
C:\dev\opencv\sources\modules\core\include\opencv2/core/persistence.hpp : warning C4819: ファイルは、現在のコード ページ (932) で表示できない文字を含んでいます。データの損失を防ぐために、ファイルを Unicode 形式で保存してください。 (ソース ファイルをコンパイルしています C:\dev\opencv\sources\modules\ml\src\tree.cpp)
C:\dev\opencv\sources\modules\core\include\opencv2/core/utility.hpp : warning C4819: ファイルは、現在のコード ページ (932) で表示できない文字を含んでいます。データの損失を防ぐために、ファイルを Unicode 形式で保存してください。 (ソース ファイルをコンパイルしています C:\dev\opencv\sources\modules\ml\src\tree.cpp)
  opencv_ml_pch.cpp
C:\dev\opencv\sources\modules\core\include\opencv2/core/mat.hpp(1965): warning C4819: ファイルは、現在のコード ページ (932) で表示できない文字を含んでいます。データの損失を防ぐために、ファイルを Unicode 形式で保存してください。 (ソース ファイルをコンパイルしています C:\dev\opencv\build\modules\ml\opencv_ml_pch.cpp)
C:\dev\opencv\sources\modules\core\include\opencv2/core/persistence.hpp : warning C4819: ファイルは、現在のコード ページ (932) で表示できない文字を含んでいます。データの損失を防ぐために、ファイルを Unicode 形式で保存してください。 (ソース ファイルをコンパイルしています C:\dev\opencv\build\modules\ml\opencv_ml_pch.cpp)
C:\dev\opencv\sources\modules\core\include\opencv2/core/utility.hpp : warning C4819: ファイルは、現在のコード ページ (932) で表示できない文字を含んでいます。データの損失を防ぐために、ファイルを Unicode 形式で保存してください。 (ソース ファイルをコンパイルしています C:\dev\opencv\build\modules\ml\opencv_ml_pch.cpp)
gbt.obj : warning LNK4221: このオブジェクト ファイルは、以前に未定義であったパブリック シンボルを定義していないため、このライブラリを使用するリンク操作では使用されません
  opencv_ml.vcxproj -> C:\dev\opencv\build\lib\Debug\opencv_ml310d.lib
