c:\dev\opencv\build\modules\imgproc\opencv_imgproc.dir\release\canny.obj
c:\dev\opencv\build\modules\imgproc\opencv_imgproc.dir\release\colormap.obj
c:\dev\opencv\build\modules\imgproc\opencv_imgproc.dir\release\convhull.obj
c:\dev\opencv\build\modules\imgproc\opencv_imgproc.dir\release\distransform.obj
c:\dev\opencv\build\modules\imgproc\opencv_imgproc.dir\release\featureselect.obj
c:\dev\opencv\build\modules\imgproc\opencv_imgproc.dir\release\generalized_hough.obj
c:\dev\opencv\build\modules\imgproc\opencv_imgproc.dir\release\histogram.obj
c:\dev\opencv\build\modules\imgproc\opencv_imgproc.dir\release\linefit.obj
c:\dev\opencv\build\modules\imgproc\opencv_imgproc.dir\release\matchcontours.obj
c:\dev\opencv\build\modules\imgproc\opencv_imgproc.dir\release\phasecorr.obj
c:\dev\opencv\build\modules\imgproc\opencv_imgproc.dir\release\samplers.obj
c:\dev\opencv\build\modules\imgproc\opencv_imgproc.dir\release\spatialgradient.obj
c:\dev\opencv\build\modules\imgproc\opencv_imgproc.dir\release\tables.obj
c:\dev\opencv\build\modules\imgproc\opencv_imgproc.dir\release\undistort.obj
c:\dev\opencv\build\modules\imgproc\opencv_imgproc.dir\release\blend.obj
c:\dev\opencv\build\modules\imgproc\opencv_imgproc.dir\release\clahe.obj
c:\dev\opencv\build\modules\imgproc\opencv_imgproc.dir\release\contours.obj
c:\dev\opencv\build\modules\imgproc\opencv_imgproc.dir\release\demosaicing.obj
c:\dev\opencv\build\modules\imgproc\opencv_imgproc.dir\release\filter.obj
c:\dev\opencv\build\modules\imgproc\opencv_imgproc.dir\release\grabcut.obj
c:\dev\opencv\build\modules\imgproc\opencv_imgproc.dir\release\intersection.obj
c:\dev\opencv\build\modules\imgproc\opencv_imgproc.dir\release\main.obj
c:\dev\opencv\build\modules\imgproc\opencv_imgproc.dir\release\moments.obj
c:\dev\opencv\build\modules\imgproc\opencv_imgproc.dir\release\rotcalipers.obj
c:\dev\opencv\build\modules\imgproc\opencv_imgproc.dir\release\shapedescr.obj
c:\dev\opencv\build\modules\imgproc\opencv_imgproc.dir\release\subdivision2d.obj
c:\dev\opencv\build\modules\imgproc\opencv_imgproc.dir\release\templmatch.obj
c:\dev\opencv\build\modules\imgproc\opencv_imgproc.dir\release\opencv_imgproc_pch.obj
c:\dev\opencv\build\modules\imgproc\opencv_imgproc.dir\release\approx.obj
c:\dev\opencv\build\modules\imgproc\opencv_imgproc.dir\release\color.obj
c:\dev\opencv\build\modules\imgproc\opencv_imgproc.dir\release\cornersubpix.obj
c:\dev\opencv\build\modules\imgproc\opencv_imgproc.dir\release\drawing.obj
c:\dev\opencv\build\modules\imgproc\opencv_imgproc.dir\release\floodfill.obj
c:\dev\opencv\build\modules\imgproc\opencv_imgproc.dir\release\hershey_fonts.obj
c:\dev\opencv\build\modules\imgproc\opencv_imgproc.dir\release\imgwarp.obj
c:\dev\opencv\build\modules\imgproc\opencv_imgproc.dir\release\morph.obj
c:\dev\opencv\build\modules\imgproc\opencv_imgproc.dir\release\segmentation.obj
c:\dev\opencv\build\modules\imgproc\opencv_imgproc.dir\release\sumpixels.obj
c:\dev\opencv\build\modules\imgproc\opencv_imgproc.dir\release\thresh.obj
c:\dev\opencv\build\modules\imgproc\opencv_imgproc.dir\release\opencl_kernels_imgproc.obj
c:\dev\opencv\build\modules\imgproc\opencv_imgproc.dir\release\accum.obj
c:\dev\opencv\build\modules\imgproc\opencv_imgproc.dir\release\connectedcomponents.obj
c:\dev\opencv\build\modules\imgproc\opencv_imgproc.dir\release\corner.obj
c:\dev\opencv\build\modules\imgproc\opencv_imgproc.dir\release\deriv.obj
c:\dev\opencv\build\modules\imgproc\opencv_imgproc.dir\release\emd.obj
c:\dev\opencv\build\modules\imgproc\opencv_imgproc.dir\release\gabor.obj
c:\dev\opencv\build\modules\imgproc\opencv_imgproc.dir\release\geometry.obj
c:\dev\opencv\build\modules\imgproc\opencv_imgproc.dir\release\hough.obj
c:\dev\opencv\build\modules\imgproc\opencv_imgproc.dir\release\lsd.obj
c:\dev\opencv\build\modules\imgproc\opencv_imgproc.dir\release\min_enclosing_triangle.obj
c:\dev\opencv\build\modules\imgproc\opencv_imgproc.dir\release\pyramids.obj
c:\dev\opencv\build\modules\imgproc\opencv_imgproc.dir\release\smooth.obj
c:\dev\opencv\build\modules\imgproc\opencv_imgproc.dir\release\utils.obj
c:\dev\opencv\build\modules\imgproc\cmakefiles\generate.stamp
c:\dev\opencv\build\modules\imgproc\opencl_kernels_imgproc.cpp
c:\dev\opencv\build\modules\imgproc\opencl_kernels_imgproc.hpp
c:\dev\opencv\build\lib\release\opencv_imgproc310.lib
c:\dev\opencv\build\modules\imgproc\opencv_imgproc.dir\release\opencv_imgproc.tlog\cl.command.1.tlog
c:\dev\opencv\build\modules\imgproc\opencv_imgproc.dir\release\opencv_imgproc.tlog\cl.read.1.tlog
c:\dev\opencv\build\modules\imgproc\opencv_imgproc.dir\release\opencv_imgproc.tlog\cl.write.1.tlog
c:\dev\opencv\build\modules\imgproc\opencv_imgproc.dir\release\opencv_imgproc.tlog\custombuild.command.1.tlog
c:\dev\opencv\build\modules\imgproc\opencv_imgproc.dir\release\opencv_imgproc.tlog\custombuild.read.1.tlog
c:\dev\opencv\build\modules\imgproc\opencv_imgproc.dir\release\opencv_imgproc.tlog\custombuild.write.1.tlog
c:\dev\opencv\build\modules\imgproc\opencv_imgproc.dir\release\opencv_imgproc.tlog\lib-link.read.1.tlog
c:\dev\opencv\build\modules\imgproc\opencv_imgproc.dir\release\opencv_imgproc.tlog\lib-link.write.1.tlog
c:\dev\opencv\build\modules\imgproc\opencv_imgproc.dir\release\opencv_imgproc.tlog\lib.command.1.tlog
