  Building Custom Rule C:/dev/opencv/sources/modules/objdetect/CMakeLists.txt
  CMake does not need to re-run because C:/dev/opencv/build/modules/objdetect/CMakeFiles/generate.stamp is up-to-date.
  Generating opencl_kernels_objdetect.cpp, opencl_kernels_objdetect.hpp
  -- C:/dev/opencv/build/modules/objdetect/opencl_kernels_objdetect.hpp contains same content
  cascadedetect.cpp
  cascadedetect_convert.cpp
  detection_based_tracker.cpp
  haar.cpp
C:\dev\opencv\sources\modules\core\include\opencv2/core/mat.hpp(1965): warning C4819: ファイルは、現在のコード ページ (932) で表示できない文字を含んでいます。データの損失を防ぐために、ファイルを Unicode 形式で保存してください。 (ソース ファイルをコンパイルしています C:\dev\opencv\sources\modules\objdetect\src\cascadedetect_convert.cpp)
C:\dev\opencv\sources\modules\core\include\opencv2/core/mat.hpp(1965): warning C4819: ファイルは、現在のコード ページ (932) で表示できない文字を含んでいます。データの損失を防ぐために、ファイルを Unicode 形式で保存してください。 (ソース ファイルをコンパイルしています C:\dev\opencv\sources\modules\objdetect\src\cascadedetect.cpp)
C:\dev\opencv\sources\modules\core\include\opencv2/core/mat.hpp(1965): warning C4819: ファイルは、現在のコード ページ (932) で表示できない文字を含んでいます。データの損失を防ぐために、ファイルを Unicode 形式で保存してください。 (ソース ファイルをコンパイルしています C:\dev\opencv\sources\modules\objdetect\src\detection_based_tracker.cpp)
C:\dev\opencv\sources\modules\core\include\opencv2/core/mat.hpp(1965): warning C4819: ファイルは、現在のコード ページ (932) で表示できない文字を含んでいます。データの損失を防ぐために、ファイルを Unicode 形式で保存してください。 (ソース ファイルをコンパイルしています C:\dev\opencv\sources\modules\objdetect\src\haar.cpp)
C:\dev\opencv\sources\modules\core\include\opencv2/core/persistence.hpp : warning C4819: ファイルは、現在のコード ページ (932) で表示できない文字を含んでいます。データの損失を防ぐために、ファイルを Unicode 形式で保存してください。 (ソース ファイルをコンパイルしています C:\dev\opencv\sources\modules\objdetect\src\cascadedetect_convert.cpp)
C:\dev\opencv\sources\modules\core\include\opencv2/core/persistence.hpp : warning C4819: ファイルは、現在のコード ページ (932) で表示できない文字を含んでいます。データの損失を防ぐために、ファイルを Unicode 形式で保存してください。 (ソース ファイルをコンパイルしています C:\dev\opencv\sources\modules\objdetect\src\cascadedetect.cpp)
C:\dev\opencv\sources\modules\core\include\opencv2/core/persistence.hpp : warning C4819: ファイルは、現在のコード ページ (932) で表示できない文字を含んでいます。データの損失を防ぐために、ファイルを Unicode 形式で保存してください。 (ソース ファイルをコンパイルしています C:\dev\opencv\sources\modules\objdetect\src\detection_based_tracker.cpp)
C:\dev\opencv\sources\modules\core\include\opencv2/core/persistence.hpp : warning C4819: ファイルは、現在のコード ページ (932) で表示できない文字を含んでいます。データの損失を防ぐために、ファイルを Unicode 形式で保存してください。 (ソース ファイルをコンパイルしています C:\dev\opencv\sources\modules\objdetect\src\haar.cpp)
C:\dev\opencv\sources\modules\core\include\opencv2/core/utility.hpp : warning C4819: ファイルは、現在のコード ページ (932) で表示できない文字を含んでいます。データの損失を防ぐために、ファイルを Unicode 形式で保存してください。 (ソース ファイルをコンパイルしています C:\dev\opencv\sources\modules\objdetect\src\cascadedetect_convert.cpp)
C:\dev\opencv\sources\modules\core\include\opencv2/core/utility.hpp : warning C4819: ファイルは、現在のコード ページ (932) で表示できない文字を含んでいます。データの損失を防ぐために、ファイルを Unicode 形式で保存してください。 (ソース ファイルをコンパイルしています C:\dev\opencv\sources\modules\objdetect\src\detection_based_tracker.cpp)
C:\dev\opencv\sources\modules\core\include\opencv2/core/utility.hpp : warning C4819: ファイルは、現在のコード ページ (932) で表示できない文字を含んでいます。データの損失を防ぐために、ファイルを Unicode 形式で保存してください。 (ソース ファイルをコンパイルしています C:\dev\opencv\sources\modules\objdetect\src\haar.cpp)
C:\dev\opencv\sources\modules\core\include\opencv2/core/utility.hpp : warning C4819: ファイルは、現在のコード ページ (932) で表示できない文字を含んでいます。データの損失を防ぐために、ファイルを Unicode 形式で保存してください。 (ソース ファイルをコンパイルしています C:\dev\opencv\sources\modules\objdetect\src\cascadedetect.cpp)
  hog.cpp
  main.cpp
  opencl_kernels_objdetect.cpp
C:\dev\opencv\sources\modules\core\include\opencv2/core/mat.hpp(1965): warning C4819: ファイルは、現在のコード ページ (932) で表示できない文字を含んでいます。データの損失を防ぐために、ファイルを Unicode 形式で保存してください。 (ソース ファイルをコンパイルしています C:\dev\opencv\sources\modules\objdetect\src\hog.cpp)
C:\dev\opencv\sources\modules\core\include\opencv2/core/mat.hpp(1965): warning C4819: ファイルは、現在のコード ページ (932) で表示できない文字を含んでいます。データの損失を防ぐために、ファイルを Unicode 形式で保存してください。 (ソース ファイルをコンパイルしています C:\dev\opencv\sources\modules\objdetect\src\main.cpp)
C:\dev\opencv\sources\modules\core\include\opencv2/core/persistence.hpp : warning C4819: ファイルは、現在のコード ページ (932) で表示できない文字を含んでいます。データの損失を防ぐために、ファイルを Unicode 形式で保存してください。 (ソース ファイルをコンパイルしています C:\dev\opencv\sources\modules\objdetect\src\hog.cpp)
C:\dev\opencv\sources\modules\core\include\opencv2/core/utility.hpp : warning C4819: ファイルは、現在のコード ページ (932) で表示できない文字を含んでいます。データの損失を防ぐために、ファイルを Unicode 形式で保存してください。 (ソース ファイルをコンパイルしています C:\dev\opencv\sources\modules\objdetect\src\hog.cpp)
C:\dev\opencv\sources\modules\core\include\opencv2/core/mat.hpp(1965): warning C4819: ファイルは、現在のコード ページ (932) で表示できない文字を含んでいます。データの損失を防ぐために、ファイルを Unicode 形式で保存してください。 (ソース ファイルをコンパイルしています C:\dev\opencv\build\modules\objdetect\opencl_kernels_objdetect.cpp)
  opencv_objdetect_pch.cpp
C:\dev\opencv\sources\modules\core\include\opencv2/core/persistence.hpp : warning C4819: ファイルは、現在のコード ページ (932) で表示できない文字を含んでいます。データの損失を防ぐために、ファイルを Unicode 形式で保存してください。 (ソース ファイルをコンパイルしています C:\dev\opencv\sources\modules\objdetect\src\main.cpp)
C:\dev\opencv\sources\modules\core\include\opencv2/core/utility.hpp : warning C4819: ファイルは、現在のコード ページ (932) で表示できない文字を含んでいます。データの損失を防ぐために、ファイルを Unicode 形式で保存してください。 (ソース ファイルをコンパイルしています C:\dev\opencv\sources\modules\objdetect\src\main.cpp)
C:\dev\opencv\sources\modules\core\include\opencv2/core/persistence.hpp : warning C4819: ファイルは、現在のコード ページ (932) で表示できない文字を含んでいます。データの損失を防ぐために、ファイルを Unicode 形式で保存してください。 (ソース ファイルをコンパイルしています C:\dev\opencv\build\modules\objdetect\opencl_kernels_objdetect.cpp)
C:\dev\opencv\sources\modules\core\include\opencv2/core/utility.hpp : warning C4819: ファイルは、現在のコード ページ (932) で表示できない文字を含んでいます。データの損失を防ぐために、ファイルを Unicode 形式で保存してください。 (ソース ファイルをコンパイルしています C:\dev\opencv\build\modules\objdetect\opencl_kernels_objdetect.cpp)
C:\dev\opencv\sources\modules\core\include\opencv2/core/mat.hpp(1965): warning C4819: ファイルは、現在のコード ページ (932) で表示できない文字を含んでいます。データの損失を防ぐために、ファイルを Unicode 形式で保存してください。 (ソース ファイルをコンパイルしています C:\dev\opencv\build\modules\objdetect\opencv_objdetect_pch.cpp)
C:\dev\opencv\sources\modules\core\include\opencv2/core/persistence.hpp : warning C4819: ファイルは、現在のコード ページ (932) で表示できない文字を含んでいます。データの損失を防ぐために、ファイルを Unicode 形式で保存してください。 (ソース ファイルをコンパイルしています C:\dev\opencv\build\modules\objdetect\opencv_objdetect_pch.cpp)
C:\dev\opencv\sources\modules\core\include\opencv2/core/utility.hpp : warning C4819: ファイルは、現在のコード ページ (932) で表示できない文字を含んでいます。データの損失を防ぐために、ファイルを Unicode 形式で保存してください。 (ソース ファイルをコンパイルしています C:\dev\opencv\build\modules\objdetect\opencv_objdetect_pch.cpp)
opencl_kernels_objdetect.obj : warning LNK4221: このオブジェクト ファイルは、以前に未定義であったパブリック シンボルを定義していないため、このライブラリを使用するリンク操作では使用されません
main.obj : warning LNK4221: このオブジェクト ファイルは、以前に未定義であったパブリック シンボルを定義していないため、このライブラリを使用するリンク操作では使用されません
  opencv_objdetect.vcxproj -> C:\dev\opencv\build\lib\Debug\opencv_objdetect310d.lib
