  Building Custom Rule C:/dev/opencv/sources/samples/cpp/CMakeLists.txt
  CMake does not need to re-run because C:/dev/opencv/build/samples/cpp/CMakeFiles/generate.stamp is up-to-date.
  main_registration.cpp
  CsvReader.cpp
  CsvWriter.cpp
  ModelRegistration.cpp
C:\dev\opencv\sources\modules\core\include\opencv2/core/mat.hpp(1965): warning C4819: ファイルは、現在のコード ページ (932) で表示できない文字を含んでいます。データの損失を防ぐために、ファイルを Unicode 形式で保存してください。 (ソース ファイルをコンパイルしています C:\dev\opencv\sources\samples\cpp\tutorial_code\calib3d\real_time_pose_estimation\src\CsvReader.cpp)
C:\dev\opencv\sources\modules\core\include\opencv2/core/mat.hpp(1965): warning C4819: ファイルは、現在のコード ページ (932) で表示できない文字を含んでいます。データの損失を防ぐために、ファイルを Unicode 形式で保存してください。 (ソース ファイルをコンパイルしています C:\dev\opencv\sources\samples\cpp\tutorial_code\calib3d\real_time_pose_estimation\src\CsvWriter.cpp)
C:\dev\opencv\sources\modules\core\include\opencv2/core/mat.hpp(1965): warning C4819: ファイルは、現在のコード ページ (932) で表示できない文字を含んでいます。データの損失を防ぐために、ファイルを Unicode 形式で保存してください。 (ソース ファイルをコンパイルしています C:\dev\opencv\sources\samples\cpp\tutorial_code\calib3d\real_time_pose_estimation\src\main_registration.cpp)
C:\dev\opencv\sources\modules\core\include\opencv2/core/persistence.hpp : warning C4819: ファイルは、現在のコード ページ (932) で表示できない文字を含んでいます。データの損失を防ぐために、ファイルを Unicode 形式で保存してください。 (ソース ファイルをコンパイルしています C:\dev\opencv\sources\samples\cpp\tutorial_code\calib3d\real_time_pose_estimation\src\CsvReader.cpp)
C:\dev\opencv\sources\modules\core\include\opencv2/core/persistence.hpp : warning C4819: ファイルは、現在のコード ページ (932) で表示できない文字を含んでいます。データの損失を防ぐために、ファイルを Unicode 形式で保存してください。 (ソース ファイルをコンパイルしています C:\dev\opencv\sources\samples\cpp\tutorial_code\calib3d\real_time_pose_estimation\src\CsvWriter.cpp)
C:\dev\opencv\sources\modules\core\include\opencv2/core/persistence.hpp : warning C4819: ファイルは、現在のコード ページ (932) で表示できない文字を含んでいます。データの損失を防ぐために、ファイルを Unicode 形式で保存してください。 (ソース ファイルをコンパイルしています C:\dev\opencv\sources\samples\cpp\tutorial_code\calib3d\real_time_pose_estimation\src\main_registration.cpp)
C:\dev\opencv\sources\modules\core\include\opencv2/core/utility.hpp : warning C4819: ファイルは、現在のコード ページ (932) で表示できない文字を含んでいます。データの損失を防ぐために、ファイルを Unicode 形式で保存してください。 (ソース ファイルをコンパイルしています C:\dev\opencv\sources\samples\cpp\tutorial_code\calib3d\real_time_pose_estimation\src\CsvReader.cpp)
C:\dev\opencv\sources\modules\core\include\opencv2/core/mat.hpp(1965): warning C4819: ファイルは、現在のコード ページ (932) で表示できない文字を含んでいます。データの損失を防ぐために、ファイルを Unicode 形式で保存してください。 (ソース ファイルをコンパイルしています C:\dev\opencv\sources\samples\cpp\tutorial_code\calib3d\real_time_pose_estimation\src\ModelRegistration.cpp)
C:\dev\opencv\sources\modules\core\include\opencv2/core/utility.hpp : warning C4819: ファイルは、現在のコード ページ (932) で表示できない文字を含んでいます。データの損失を防ぐために、ファイルを Unicode 形式で保存してください。 (ソース ファイルをコンパイルしています C:\dev\opencv\sources\samples\cpp\tutorial_code\calib3d\real_time_pose_estimation\src\CsvWriter.cpp)
C:\dev\opencv\sources\modules\core\include\opencv2/core/utility.hpp : warning C4819: ファイルは、現在のコード ページ (932) で表示できない文字を含んでいます。データの損失を防ぐために、ファイルを Unicode 形式で保存してください。 (ソース ファイルをコンパイルしています C:\dev\opencv\sources\samples\cpp\tutorial_code\calib3d\real_time_pose_estimation\src\CsvReader.cpp)
C:\dev\opencv\sources\modules\core\include\opencv2/core/utility.hpp : warning C4819: ファイルは、現在のコード ページ (932) で表示できない文字を含んでいます。データの損失を防ぐために、ファイルを Unicode 形式で保存してください。 (ソース ファイルをコンパイルしています C:\dev\opencv\sources\samples\cpp\tutorial_code\calib3d\real_time_pose_estimation\src\main_registration.cpp)
C:\dev\opencv\sources\modules\core\include\opencv2/core/utility.hpp : warning C4819: ファイルは、現在のコード ページ (932) で表示できない文字を含んでいます。データの損失を防ぐために、ファイルを Unicode 形式で保存してください。 (ソース ファイルをコンパイルしています C:\dev\opencv\sources\samples\cpp\tutorial_code\calib3d\real_time_pose_estimation\src\CsvWriter.cpp)
C:\dev\opencv\sources\modules\core\include\opencv2/core/utility.hpp : warning C4819: ファイルは、現在のコード ページ (932) で表示できない文字を含んでいます。データの損失を防ぐために、ファイルを Unicode 形式で保存してください。 (ソース ファイルをコンパイルしています C:\dev\opencv\sources\samples\cpp\tutorial_code\calib3d\real_time_pose_estimation\src\main_registration.cpp)
C:\dev\opencv\sources\modules\core\include\opencv2/core/persistence.hpp : warning C4819: ファイルは、現在のコード ページ (932) で表示できない文字を含んでいます。データの損失を防ぐために、ファイルを Unicode 形式で保存してください。 (ソース ファイルをコンパイルしています C:\dev\opencv\sources\samples\cpp\tutorial_code\calib3d\real_time_pose_estimation\src\ModelRegistration.cpp)
C:\dev\opencv\sources\modules\core\include\opencv2/core/utility.hpp : warning C4819: ファイルは、現在のコード ページ (932) で表示できない文字を含んでいます。データの損失を防ぐために、ファイルを Unicode 形式で保存してください。 (ソース ファイルをコンパイルしています C:\dev\opencv\sources\samples\cpp\tutorial_code\calib3d\real_time_pose_estimation\src\ModelRegistration.cpp)
C:\dev\opencv\sources\modules\core\include\opencv2/core/utility.hpp : warning C4819: ファイルは、現在のコード ページ (932) で表示できない文字を含んでいます。データの損失を防ぐために、ファイルを Unicode 形式で保存してください。 (ソース ファイルをコンパイルしています C:\dev\opencv\sources\samples\cpp\tutorial_code\calib3d\real_time_pose_estimation\src\ModelRegistration.cpp)
  Mesh.cpp
  Model.cpp
  PnPProblem.cpp
  Utils.cpp
C:\dev\opencv\sources\modules\core\include\opencv2/core/mat.hpp(1965): warning C4819: ファイルは、現在のコード ページ (932) で表示できない文字を含んでいます。データの損失を防ぐために、ファイルを Unicode 形式で保存してください。 (ソース ファイルをコンパイルしています C:\dev\opencv\sources\samples\cpp\tutorial_code\calib3d\real_time_pose_estimation\src\Mesh.cpp)
C:\dev\opencv\sources\modules\core\include\opencv2/core/persistence.hpp : warning C4819: ファイルは、現在のコード ページ (932) で表示できない文字を含んでいます。データの損失を防ぐために、ファイルを Unicode 形式で保存してください。 (ソース ファイルをコンパイルしています C:\dev\opencv\sources\samples\cpp\tutorial_code\calib3d\real_time_pose_estimation\src\Mesh.cpp)
C:\dev\opencv\sources\modules\core\include\opencv2/core/mat.hpp(1965): warning C4819: ファイルは、現在のコード ページ (932) で表示できない文字を含んでいます。データの損失を防ぐために、ファイルを Unicode 形式で保存してください。 (ソース ファイルをコンパイルしています C:\dev\opencv\sources\samples\cpp\tutorial_code\calib3d\real_time_pose_estimation\src\Model.cpp)
C:\dev\opencv\sources\modules\core\include\opencv2/core/utility.hpp : warning C4819: ファイルは、現在のコード ページ (932) で表示できない文字を含んでいます。データの損失を防ぐために、ファイルを Unicode 形式で保存してください。 (ソース ファイルをコンパイルしています C:\dev\opencv\sources\samples\cpp\tutorial_code\calib3d\real_time_pose_estimation\src\Mesh.cpp)
C:\dev\opencv\sources\modules\core\include\opencv2/core/mat.hpp(1965): warning C4819: ファイルは、現在のコード ページ (932) で表示できない文字を含んでいます。データの損失を防ぐために、ファイルを Unicode 形式で保存してください。 (ソース ファイルをコンパイルしています C:\dev\opencv\sources\samples\cpp\tutorial_code\calib3d\real_time_pose_estimation\src\PnPProblem.cpp)
C:\dev\opencv\sources\modules\core\include\opencv2/core/utility.hpp : warning C4819: ファイルは、現在のコード ページ (932) で表示できない文字を含んでいます。データの損失を防ぐために、ファイルを Unicode 形式で保存してください。 (ソース ファイルをコンパイルしています C:\dev\opencv\sources\samples\cpp\tutorial_code\calib3d\real_time_pose_estimation\src\Mesh.cpp)
C:\dev\opencv\sources\modules\core\include\opencv2/core/persistence.hpp : warning C4819: ファイルは、現在のコード ページ (932) で表示できない文字を含んでいます。データの損失を防ぐために、ファイルを Unicode 形式で保存してください。 (ソース ファイルをコンパイルしています C:\dev\opencv\sources\samples\cpp\tutorial_code\calib3d\real_time_pose_estimation\src\Model.cpp)
C:\dev\opencv\sources\modules\core\include\opencv2/core/persistence.hpp : warning C4819: ファイルは、現在のコード ページ (932) で表示できない文字を含んでいます。データの損失を防ぐために、ファイルを Unicode 形式で保存してください。 (ソース ファイルをコンパイルしています C:\dev\opencv\sources\samples\cpp\tutorial_code\calib3d\real_time_pose_estimation\src\PnPProblem.cpp)
C:\dev\opencv\sources\modules\core\include\opencv2/core/utility.hpp : warning C4819: ファイルは、現在のコード ページ (932) で表示できない文字を含んでいます。データの損失を防ぐために、ファイルを Unicode 形式で保存してください。 (ソース ファイルをコンパイルしています C:\dev\opencv\sources\samples\cpp\tutorial_code\calib3d\real_time_pose_estimation\src\Model.cpp)
C:\dev\opencv\sources\modules\core\include\opencv2/core/utility.hpp : warning C4819: ファイルは、現在のコード ページ (932) で表示できない文字を含んでいます。データの損失を防ぐために、ファイルを Unicode 形式で保存してください。 (ソース ファイルをコンパイルしています C:\dev\opencv\sources\samples\cpp\tutorial_code\calib3d\real_time_pose_estimation\src\PnPProblem.cpp)
C:\dev\opencv\sources\modules\core\include\opencv2/core/utility.hpp : warning C4819: ファイルは、現在のコード ページ (932) で表示できない文字を含んでいます。データの損失を防ぐために、ファイルを Unicode 形式で保存してください。 (ソース ファイルをコンパイルしています C:\dev\opencv\sources\samples\cpp\tutorial_code\calib3d\real_time_pose_estimation\src\Model.cpp)
C:\dev\opencv\sources\modules\core\include\opencv2/core/utility.hpp : warning C4819: ファイルは、現在のコード ページ (932) で表示できない文字を含んでいます。データの損失を防ぐために、ファイルを Unicode 形式で保存してください。 (ソース ファイルをコンパイルしています C:\dev\opencv\sources\samples\cpp\tutorial_code\calib3d\real_time_pose_estimation\src\PnPProblem.cpp)
C:\dev\opencv\sources\modules\core\include\opencv2/core/mat.hpp(1965): warning C4819: ファイルは、現在のコード ページ (932) で表示できない文字を含んでいます。データの損失を防ぐために、ファイルを Unicode 形式で保存してください。 (ソース ファイルをコンパイルしています C:\dev\opencv\sources\samples\cpp\tutorial_code\calib3d\real_time_pose_estimation\src\Utils.cpp)
C:\dev\opencv\sources\modules\core\include\opencv2/core/persistence.hpp : warning C4819: ファイルは、現在のコード ページ (932) で表示できない文字を含んでいます。データの損失を防ぐために、ファイルを Unicode 形式で保存してください。 (ソース ファイルをコンパイルしています C:\dev\opencv\sources\samples\cpp\tutorial_code\calib3d\real_time_pose_estimation\src\Utils.cpp)
C:\dev\opencv\sources\modules\core\include\opencv2/core/utility.hpp : warning C4819: ファイルは、現在のコード ページ (932) で表示できない文字を含んでいます。データの損失を防ぐために、ファイルを Unicode 形式で保存してください。 (ソース ファイルをコンパイルしています C:\dev\opencv\sources\samples\cpp\tutorial_code\calib3d\real_time_pose_estimation\src\Utils.cpp)
C:\dev\opencv\sources\modules\core\include\opencv2/core/utility.hpp : warning C4819: ファイルは、現在のコード ページ (932) で表示できない文字を含んでいます。データの損失を防ぐために、ファイルを Unicode 形式で保存してください。 (ソース ファイルをコンパイルしています C:\dev\opencv\sources\samples\cpp\tutorial_code\calib3d\real_time_pose_estimation\src\Utils.cpp)
  RobustMatcher.cpp
C:\dev\opencv\sources\modules\core\include\opencv2/core/mat.hpp(1965): warning C4819: ファイルは、現在のコード ページ (932) で表示できない文字を含んでいます。データの損失を防ぐために、ファイルを Unicode 形式で保存してください。 (ソース ファイルをコンパイルしています C:\dev\opencv\sources\samples\cpp\tutorial_code\calib3d\real_time_pose_estimation\src\RobustMatcher.cpp)
C:\dev\opencv\sources\modules\core\include\opencv2/core/persistence.hpp : warning C4819: ファイルは、現在のコード ページ (932) で表示できない文字を含んでいます。データの損失を防ぐために、ファイルを Unicode 形式で保存してください。 (ソース ファイルをコンパイルしています C:\dev\opencv\sources\samples\cpp\tutorial_code\calib3d\real_time_pose_estimation\src\RobustMatcher.cpp)
C:\dev\opencv\sources\modules\core\include\opencv2/core/utility.hpp : warning C4819: ファイルは、現在のコード ページ (932) で表示できない文字を含んでいます。データの損失を防ぐために、ファイルを Unicode 形式で保存してください。 (ソース ファイルをコンパイルしています C:\dev\opencv\sources\samples\cpp\tutorial_code\calib3d\real_time_pose_estimation\src\RobustMatcher.cpp)
C:\dev\opencv\sources\modules\core\include\opencv2/core/utility.hpp : warning C4819: ファイルは、現在のコード ページ (932) で表示できない文字を含んでいます。データの損失を防ぐために、ファイルを Unicode 形式で保存してください。 (ソース ファイルをコンパイルしています C:\dev\opencv\sources\samples\cpp\tutorial_code\calib3d\real_time_pose_estimation\src\RobustMatcher.cpp)
opencv_core310.lib(persistence.obj) : error LNK2019: 未解決の外部シンボル _gzputs が関数 "void __cdecl icvPuts(struct CvFileStorage *,char const *)" (?icvPuts@@YAXPAUCvFileStorage@@PBD@Z) で参照されました。
opencv_core310.lib(persistence.obj) : error LNK2019: 未解決の外部シンボル _gzgets が関数 "char * __cdecl icvGets(struct CvFileStorage *,char *,int)" (?icvGets@@YAPADPAUCvFileStorage@@PADH@Z) で参照されました。
opencv_core310.lib(persistence.obj) : error LNK2019: 未解決の外部シンボル _gzrewind が関数 _cvOpenFileStorage で参照されました。
opencv_core310.lib(persistence.obj) : error LNK2019: 未解決の外部シンボル _gzeof が関数 "int __cdecl icvEof(struct CvFileStorage *)" (?icvEof@@YAHPAUCvFileStorage@@@Z) で参照されました。
opencv_core310.lib(persistence.obj) : error LNK2019: 未解決の外部シンボル _gzclose が関数 "void __cdecl icvCloseFile(struct CvFileStorage *)" (?icvCloseFile@@YAXPAUCvFileStorage@@@Z) で参照されました。
opencv_core310.lib(persistence.obj) : error LNK2019: 未解決の外部シンボル _gzopen が関数 _cvOpenFileStorage で参照されました。
C:\Users\sho-m\Anaconda3\Library\lib\z.lib : warning LNK4272: ライブラリのコンピューターの種類 'x64' がターゲットのコンピューターの種類' X86' と競合しています
C:\dev\opencv\build\bin\Release\cpp-tutorial-pnp_registration.exe : fatal error LNK1120: 6 件の未解決の外部参照
