  Building Custom Rule C:/dev/opencv/sources/modules/shape/CMakeLists.txt
  CMake does not need to re-run because C:/dev/opencv/build/modules/shape/CMakeFiles/generate.stamp is up-to-date.
  aff_trans.cpp
  emdL1.cpp
  haus_dis.cpp
  hist_cost.cpp
C:\dev\opencv\sources\modules\core\include\opencv2/core/mat.hpp(1965): warning C4819: ファイルは、現在のコード ページ (932) で表示できない文字を含んでいます。データの損失を防ぐために、ファイルを Unicode 形式で保存してください。 (ソース ファイルをコンパイルしています C:\dev\opencv\sources\modules\shape\src\aff_trans.cpp)
C:\dev\opencv\sources\modules\core\include\opencv2/core/mat.hpp(1965): warning C4819: ファイルは、現在のコード ページ (932) で表示できない文字を含んでいます。データの損失を防ぐために、ファイルを Unicode 形式で保存してください。 (ソース ファイルをコンパイルしています C:\dev\opencv\sources\modules\shape\src\emdL1.cpp)
C:\dev\opencv\sources\modules\core\include\opencv2/core/mat.hpp(1965): warning C4819: ファイルは、現在のコード ページ (932) で表示できない文字を含んでいます。データの損失を防ぐために、ファイルを Unicode 形式で保存してください。 (ソース ファイルをコンパイルしています C:\dev\opencv\sources\modules\shape\src\haus_dis.cpp)
C:\dev\opencv\sources\modules\core\include\opencv2/core/persistence.hpp : warning C4819: ファイルは、現在のコード ページ (932) で表示できない文字を含んでいます。データの損失を防ぐために、ファイルを Unicode 形式で保存してください。 (ソース ファイルをコンパイルしています C:\dev\opencv\sources\modules\shape\src\aff_trans.cpp)
C:\dev\opencv\sources\modules\core\include\opencv2/core/mat.hpp(1965): warning C4819: ファイルは、現在のコード ページ (932) で表示できない文字を含んでいます。データの損失を防ぐために、ファイルを Unicode 形式で保存してください。 (ソース ファイルをコンパイルしています C:\dev\opencv\sources\modules\shape\src\hist_cost.cpp)
C:\dev\opencv\sources\modules\core\include\opencv2/core/persistence.hpp : warning C4819: ファイルは、現在のコード ページ (932) で表示できない文字を含んでいます。データの損失を防ぐために、ファイルを Unicode 形式で保存してください。 (ソース ファイルをコンパイルしています C:\dev\opencv\sources\modules\shape\src\emdL1.cpp)
C:\dev\opencv\sources\modules\core\include\opencv2/core/persistence.hpp : warning C4819: ファイルは、現在のコード ページ (932) で表示できない文字を含んでいます。データの損失を防ぐために、ファイルを Unicode 形式で保存してください。 (ソース ファイルをコンパイルしています C:\dev\opencv\sources\modules\shape\src\haus_dis.cpp)
C:\dev\opencv\sources\modules\core\include\opencv2/core/utility.hpp : warning C4819: ファイルは、現在のコード ページ (932) で表示できない文字を含んでいます。データの損失を防ぐために、ファイルを Unicode 形式で保存してください。 (ソース ファイルをコンパイルしています C:\dev\opencv\sources\modules\shape\src\aff_trans.cpp)
C:\dev\opencv\sources\modules\core\include\opencv2/core/utility.hpp : warning C4819: ファイルは、現在のコード ページ (932) で表示できない文字を含んでいます。データの損失を防ぐために、ファイルを Unicode 形式で保存してください。 (ソース ファイルをコンパイルしています C:\dev\opencv\sources\modules\shape\src\emdL1.cpp)
C:\dev\opencv\sources\modules\core\include\opencv2/core/utility.hpp : warning C4819: ファイルは、現在のコード ページ (932) で表示できない文字を含んでいます。データの損失を防ぐために、ファイルを Unicode 形式で保存してください。 (ソース ファイルをコンパイルしています C:\dev\opencv\sources\modules\shape\src\haus_dis.cpp)
C:\dev\opencv\sources\modules\core\include\opencv2/core/persistence.hpp : warning C4819: ファイルは、現在のコード ページ (932) で表示できない文字を含んでいます。データの損失を防ぐために、ファイルを Unicode 形式で保存してください。 (ソース ファイルをコンパイルしています C:\dev\opencv\sources\modules\shape\src\hist_cost.cpp)
C:\dev\opencv\sources\modules\core\include\opencv2/core/utility.hpp : warning C4819: ファイルは、現在のコード ページ (932) で表示できない文字を含んでいます。データの損失を防ぐために、ファイルを Unicode 形式で保存してください。 (ソース ファイルをコンパイルしています C:\dev\opencv\sources\modules\shape\src\hist_cost.cpp)
  precomp.cpp
  sc_dis.cpp
  tps_trans.cpp
C:\dev\opencv\sources\modules\core\include\opencv2/core/mat.hpp(1965): warning C4819: ファイルは、現在のコード ページ (932) で表示できない文字を含んでいます。データの損失を防ぐために、ファイルを Unicode 形式で保存してください。 (ソース ファイルをコンパイルしています C:\dev\opencv\sources\modules\shape\src\sc_dis.cpp)
C:\dev\opencv\sources\modules\core\include\opencv2/core/mat.hpp(1965): warning C4819: ファイルは、現在のコード ページ (932) で表示できない文字を含んでいます。データの損失を防ぐために、ファイルを Unicode 形式で保存してください。 (ソース ファイルをコンパイルしています C:\dev\opencv\sources\modules\shape\src\precomp.cpp)
  opencv_shape_pch.cpp
C:\dev\opencv\sources\modules\core\include\opencv2/core/persistence.hpp : warning C4819: ファイルは、現在のコード ページ (932) で表示できない文字を含んでいます。データの損失を防ぐために、ファイルを Unicode 形式で保存してください。 (ソース ファイルをコンパイルしています C:\dev\opencv\sources\modules\shape\src\sc_dis.cpp)
C:\dev\opencv\sources\modules\core\include\opencv2/core/persistence.hpp : warning C4819: ファイルは、現在のコード ページ (932) で表示できない文字を含んでいます。データの損失を防ぐために、ファイルを Unicode 形式で保存してください。 (ソース ファイルをコンパイルしています C:\dev\opencv\sources\modules\shape\src\precomp.cpp)
C:\dev\opencv\sources\modules\core\include\opencv2/core/mat.hpp(1965): warning C4819: ファイルは、現在のコード ページ (932) で表示できない文字を含んでいます。データの損失を防ぐために、ファイルを Unicode 形式で保存してください。 (ソース ファイルをコンパイルしています C:\dev\opencv\sources\modules\shape\src\tps_trans.cpp)
C:\dev\opencv\sources\modules\core\include\opencv2/core/utility.hpp : warning C4819: ファイルは、現在のコード ページ (932) で表示できない文字を含んでいます。データの損失を防ぐために、ファイルを Unicode 形式で保存してください。 (ソース ファイルをコンパイルしています C:\dev\opencv\sources\modules\shape\src\sc_dis.cpp)
C:\dev\opencv\sources\modules\core\include\opencv2/core/utility.hpp : warning C4819: ファイルは、現在のコード ページ (932) で表示できない文字を含んでいます。データの損失を防ぐために、ファイルを Unicode 形式で保存してください。 (ソース ファイルをコンパイルしています C:\dev\opencv\sources\modules\shape\src\precomp.cpp)
C:\dev\opencv\sources\modules\core\include\opencv2/core/persistence.hpp : warning C4819: ファイルは、現在のコード ページ (932) で表示できない文字を含んでいます。データの損失を防ぐために、ファイルを Unicode 形式で保存してください。 (ソース ファイルをコンパイルしています C:\dev\opencv\sources\modules\shape\src\tps_trans.cpp)
C:\dev\opencv\sources\modules\core\include\opencv2/core/utility.hpp : warning C4819: ファイルは、現在のコード ページ (932) で表示できない文字を含んでいます。データの損失を防ぐために、ファイルを Unicode 形式で保存してください。 (ソース ファイルをコンパイルしています C:\dev\opencv\sources\modules\shape\src\tps_trans.cpp)
C:\dev\opencv\sources\modules\core\include\opencv2/core/mat.hpp(1965): warning C4819: ファイルは、現在のコード ページ (932) で表示できない文字を含んでいます。データの損失を防ぐために、ファイルを Unicode 形式で保存してください。 (ソース ファイルをコンパイルしています C:\dev\opencv\build\modules\shape\opencv_shape_pch.cpp)
C:\dev\opencv\sources\modules\core\include\opencv2/core/persistence.hpp : warning C4819: ファイルは、現在のコード ページ (932) で表示できない文字を含んでいます。データの損失を防ぐために、ファイルを Unicode 形式で保存してください。 (ソース ファイルをコンパイルしています C:\dev\opencv\build\modules\shape\opencv_shape_pch.cpp)
C:\dev\opencv\sources\modules\core\include\opencv2/core/utility.hpp : warning C4819: ファイルは、現在のコード ページ (932) で表示できない文字を含んでいます。データの損失を防ぐために、ファイルを Unicode 形式で保存してください。 (ソース ファイルをコンパイルしています C:\dev\opencv\build\modules\shape\opencv_shape_pch.cpp)
  opencv_shape.vcxproj -> C:\dev\opencv\build\lib\Release\opencv_shape310.lib
